<?xml version="1.0" encoding="UTF-8"?>
<!-- Generated by org.testng.reporters.JUnitXMLReporter -->
<testsuite hostname="GFL-2333" ignored="0" name="mainPage-smoke" tests="21" failures="0" timestamp="2021-10-18T01:24:26 EEST" time="54.943" errors="0">
  <testcase name="test_01_checkPageTitle" time="0.048" classname="suites.main_page_test.TestMainPage"/>
  <testcase name="test_02_checkHeaderText" time="0.03" classname="suites.main_page_test.TestMainPage"/>
  <testcase name="test_03_checkScreenResizer" time="6.629" classname="suites.main_page_test.TestMainPage"/>
  <testcase name="test_04_checkWtfText" time="0.028" classname="suites.main_page_test.TestMainPage"/>
  <testcase name="test_05_checkVideoSourceName" time="0.05" classname="suites.main_page_test.TestMainPage"/>
  <testcase name="test_06_checkProgressSectionText" time="0.019" classname="suites.main_page_test.TestMainPage"/>
  <testcase name="test_07_checkAboutUsLinkHover" time="0.753" classname="suites.main_page_test.TestMainPage"/>
  <testcase name="test_08_checkAboutUsLinkArrowHover" time="0.789" classname="suites.main_page_test.TestMainPage"/>
  <testcase name="test_09_checkAboutUsLink" time="3.439" classname="suites.main_page_test.TestMainPage"/>
  <testcase name="test_10_checkEvolutionSectionText" time="0.105" classname="suites.main_page_test.TestMainPage"/>
  <testcase name="test_11_checkEvolutionSectionImage" time="0.029" classname="suites.main_page_test.TestMainPage"/>
  <testcase name="test_12_checkNebulaSectionText" time="0.051" classname="suites.main_page_test.TestMainPage"/>
  <testcase name="test_13_checkNebulaBackgroundImage" time="0.733" classname="suites.main_page_test.TestMainPage"/>
  <testcase name="test_14_checkEnterTheNebulaButton" time="3.898" classname="suites.main_page_test.TestMainPage"/>
  <testcase name="test_15_checkFaqTitleText" time="0.026" classname="suites.main_page_test.TestMainPage"/>
  <testcase name="test_16_checkElectronToGoAppLink" time="6.414" classname="suites.main_page_test.TestMainPage"/>
  <testcase name="test_17_checkStellarEvolutionLink" time="2.352" classname="suites.main_page_test.TestMainPage"/>
  <testcase name="test_18_checkFaqMenus" time="1.283" classname="suites.main_page_test.TestMainPage"/>
  <testcase name="test_19_checkDiscordLink" time="2.567" classname="suites.main_page_test.TestMainPage"/>
  <testcase name="test_20_checkTwitterLink" time="2.39" classname="suites.main_page_test.TestMainPage"/>
  <testcase name="test_21_checkMediumLink" time="2.439" classname="suites.main_page_test.TestMainPage"/>
</testsuite> <!-- mainPage-smoke -->
